

Processing HomeController#index (for ::1 at 2009-05-13 22:33:49) [GET]

ActionController::UnknownAction (No action responded to index. Actions: ):
  passenger (2.2.2) lib/phusion_passenger/rack/request_handler.rb:81:in `process_request'
  passenger (2.2.2) lib/phusion_passenger/abstract_request_handler.rb:203:in `main_loop'
  passenger (2.2.2) lib/phusion_passenger/railz/application_spawner.rb:340:in `start_request_handler'
  passenger (2.2.2) lib/phusion_passenger/railz/application_spawner.rb:298:in `handle_spawn_application'
  passenger (2.2.2) lib/phusion_passenger/utils.rb:181:in `safe_fork'
  passenger (2.2.2) lib/phusion_passenger/railz/application_spawner.rb:296:in `handle_spawn_application'
  passenger (2.2.2) lib/phusion_passenger/abstract_server.rb:337:in `__send__'
  passenger (2.2.2) lib/phusion_passenger/abstract_server.rb:337:in `main_loop'
  passenger (2.2.2) lib/phusion_passenger/abstract_server.rb:187:in `start_synchronously'
  passenger (2.2.2) lib/phusion_passenger/abstract_server.rb:154:in `start'
  passenger (2.2.2) lib/phusion_passenger/railz/application_spawner.rb:192:in `start'
  passenger (2.2.2) lib/phusion_passenger/spawn_manager.rb:257:in `spawn_rails_application'
  passenger (2.2.2) lib/phusion_passenger/abstract_server_collection.rb:126:in `lookup_or_add'
  passenger (2.2.2) lib/phusion_passenger/spawn_manager.rb:251:in `spawn_rails_application'
  passenger (2.2.2) lib/phusion_passenger/abstract_server_collection.rb:80:in `synchronize'
  passenger (2.2.2) lib/phusion_passenger/abstract_server_collection.rb:79:in `synchronize'
  passenger (2.2.2) lib/phusion_passenger/spawn_manager.rb:250:in `spawn_rails_application'
  passenger (2.2.2) lib/phusion_passenger/spawn_manager.rb:153:in `spawn_application'
  passenger (2.2.2) lib/phusion_passenger/spawn_manager.rb:282:in `handle_spawn_application'
  passenger (2.2.2) lib/phusion_passenger/abstract_server.rb:337:in `__send__'
  passenger (2.2.2) lib/phusion_passenger/abstract_server.rb:337:in `main_loop'
  passenger (2.2.2) lib/phusion_passenger/abstract_server.rb:187:in `start_synchronously'

Rendering /Users/david/dev/workspace/gostaberling/public/404.html (404 Not Found)


Processing HomeController#index (for ::1 at 2009-05-13 22:36:35) [GET]

ActionController::UnknownAction (No action responded to index. Actions: ):
  passenger (2.2.2) lib/phusion_passenger/rack/request_handler.rb:81:in `process_request'
  passenger (2.2.2) lib/phusion_passenger/abstract_request_handler.rb:203:in `main_loop'
  passenger (2.2.2) lib/phusion_passenger/railz/application_spawner.rb:340:in `start_request_handler'
  passenger (2.2.2) lib/phusion_passenger/railz/application_spawner.rb:298:in `handle_spawn_application'
  passenger (2.2.2) lib/phusion_passenger/utils.rb:181:in `safe_fork'
  passenger (2.2.2) lib/phusion_passenger/railz/application_spawner.rb:296:in `handle_spawn_application'
  passenger (2.2.2) lib/phusion_passenger/abstract_server.rb:337:in `__send__'
  passenger (2.2.2) lib/phusion_passenger/abstract_server.rb:337:in `main_loop'
  passenger (2.2.2) lib/phusion_passenger/abstract_server.rb:187:in `start_synchronously'
  passenger (2.2.2) lib/phusion_passenger/abstract_server.rb:154:in `start'
  passenger (2.2.2) lib/phusion_passenger/railz/application_spawner.rb:192:in `start'
  passenger (2.2.2) lib/phusion_passenger/spawn_manager.rb:257:in `spawn_rails_application'
  passenger (2.2.2) lib/phusion_passenger/abstract_server_collection.rb:126:in `lookup_or_add'
  passenger (2.2.2) lib/phusion_passenger/spawn_manager.rb:251:in `spawn_rails_application'
  passenger (2.2.2) lib/phusion_passenger/abstract_server_collection.rb:80:in `synchronize'
  passenger (2.2.2) lib/phusion_passenger/abstract_server_collection.rb:79:in `synchronize'
  passenger (2.2.2) lib/phusion_passenger/spawn_manager.rb:250:in `spawn_rails_application'
  passenger (2.2.2) lib/phusion_passenger/spawn_manager.rb:153:in `spawn_application'
  passenger (2.2.2) lib/phusion_passenger/spawn_manager.rb:282:in `handle_spawn_application'
  passenger (2.2.2) lib/phusion_passenger/abstract_server.rb:337:in `__send__'
  passenger (2.2.2) lib/phusion_passenger/abstract_server.rb:337:in `main_loop'
  passenger (2.2.2) lib/phusion_passenger/abstract_server.rb:187:in `start_synchronously'

Rendering /Users/david/dev/workspace/gostaberling/public/404.html (404 Not Found)


Processing HomeController#index (for ::1 at 2009-05-13 22:38:05) [GET]

ActionController::UnknownAction (No action responded to index. Actions: ):
  passenger (2.2.2) lib/phusion_passenger/rack/request_handler.rb:81:in `process_request'
  passenger (2.2.2) lib/phusion_passenger/abstract_request_handler.rb:203:in `main_loop'
  passenger (2.2.2) lib/phusion_passenger/railz/application_spawner.rb:340:in `start_request_handler'
  passenger (2.2.2) lib/phusion_passenger/railz/application_spawner.rb:298:in `handle_spawn_application'
  passenger (2.2.2) lib/phusion_passenger/utils.rb:181:in `safe_fork'
  passenger (2.2.2) lib/phusion_passenger/railz/application_spawner.rb:296:in `handle_spawn_application'
  passenger (2.2.2) lib/phusion_passenger/abstract_server.rb:337:in `__send__'
  passenger (2.2.2) lib/phusion_passenger/abstract_server.rb:337:in `main_loop'
  passenger (2.2.2) lib/phusion_passenger/abstract_server.rb:187:in `start_synchronously'
  passenger (2.2.2) lib/phusion_passenger/abstract_server.rb:154:in `start'
  passenger (2.2.2) lib/phusion_passenger/railz/application_spawner.rb:192:in `start'
  passenger (2.2.2) lib/phusion_passenger/spawn_manager.rb:257:in `spawn_rails_application'
  passenger (2.2.2) lib/phusion_passenger/abstract_server_collection.rb:126:in `lookup_or_add'
  passenger (2.2.2) lib/phusion_passenger/spawn_manager.rb:251:in `spawn_rails_application'
  passenger (2.2.2) lib/phusion_passenger/abstract_server_collection.rb:80:in `synchronize'
  passenger (2.2.2) lib/phusion_passenger/abstract_server_collection.rb:79:in `synchronize'
  passenger (2.2.2) lib/phusion_passenger/spawn_manager.rb:250:in `spawn_rails_application'
  passenger (2.2.2) lib/phusion_passenger/spawn_manager.rb:153:in `spawn_application'
  passenger (2.2.2) lib/phusion_passenger/spawn_manager.rb:282:in `handle_spawn_application'
  passenger (2.2.2) lib/phusion_passenger/abstract_server.rb:337:in `__send__'
  passenger (2.2.2) lib/phusion_passenger/abstract_server.rb:337:in `main_loop'
  passenger (2.2.2) lib/phusion_passenger/abstract_server.rb:187:in `start_synchronously'

Rendering /Users/david/dev/workspace/gostaberling/public/404.html (404 Not Found)


Processing HomeController#index (for ::1 at 2009-05-13 22:38:15) [GET]

ActionController::UnknownAction (No action responded to index. Actions: ):
  passenger (2.2.2) lib/phusion_passenger/rack/request_handler.rb:81:in `process_request'
  passenger (2.2.2) lib/phusion_passenger/abstract_request_handler.rb:203:in `main_loop'
  passenger (2.2.2) lib/phusion_passenger/railz/application_spawner.rb:340:in `start_request_handler'
  passenger (2.2.2) lib/phusion_passenger/railz/application_spawner.rb:298:in `handle_spawn_application'
  passenger (2.2.2) lib/phusion_passenger/utils.rb:181:in `safe_fork'
  passenger (2.2.2) lib/phusion_passenger/railz/application_spawner.rb:296:in `handle_spawn_application'
  passenger (2.2.2) lib/phusion_passenger/abstract_server.rb:337:in `__send__'
  passenger (2.2.2) lib/phusion_passenger/abstract_server.rb:337:in `main_loop'
  passenger (2.2.2) lib/phusion_passenger/abstract_server.rb:187:in `start_synchronously'
  passenger (2.2.2) lib/phusion_passenger/abstract_server.rb:154:in `start'
  passenger (2.2.2) lib/phusion_passenger/railz/application_spawner.rb:192:in `start'
  passenger (2.2.2) lib/phusion_passenger/spawn_manager.rb:257:in `spawn_rails_application'
  passenger (2.2.2) lib/phusion_passenger/abstract_server_collection.rb:126:in `lookup_or_add'
  passenger (2.2.2) lib/phusion_passenger/spawn_manager.rb:251:in `spawn_rails_application'
  passenger (2.2.2) lib/phusion_passenger/abstract_server_collection.rb:80:in `synchronize'
  passenger (2.2.2) lib/phusion_passenger/abstract_server_collection.rb:79:in `synchronize'
  passenger (2.2.2) lib/phusion_passenger/spawn_manager.rb:250:in `spawn_rails_application'
  passenger (2.2.2) lib/phusion_passenger/spawn_manager.rb:153:in `spawn_application'
  passenger (2.2.2) lib/phusion_passenger/spawn_manager.rb:282:in `handle_spawn_application'
  passenger (2.2.2) lib/phusion_passenger/abstract_server.rb:337:in `__send__'
  passenger (2.2.2) lib/phusion_passenger/abstract_server.rb:337:in `main_loop'
  passenger (2.2.2) lib/phusion_passenger/abstract_server.rb:187:in `start_synchronously'

Rendering /Users/david/dev/workspace/gostaberling/public/404.html (404 Not Found)


Processing HomeController#index (for ::1 at 2009-05-13 22:39:19) [GET]

ActionController::UnknownAction (No action responded to index. Actions: ):
  passenger (2.2.2) lib/phusion_passenger/rack/request_handler.rb:81:in `process_request'
  passenger (2.2.2) lib/phusion_passenger/abstract_request_handler.rb:203:in `main_loop'
  passenger (2.2.2) lib/phusion_passenger/railz/application_spawner.rb:340:in `start_request_handler'
  passenger (2.2.2) lib/phusion_passenger/railz/application_spawner.rb:298:in `handle_spawn_application'
  passenger (2.2.2) lib/phusion_passenger/utils.rb:181:in `safe_fork'
  passenger (2.2.2) lib/phusion_passenger/railz/application_spawner.rb:296:in `handle_spawn_application'
  passenger (2.2.2) lib/phusion_passenger/abstract_server.rb:337:in `__send__'
  passenger (2.2.2) lib/phusion_passenger/abstract_server.rb:337:in `main_loop'
  passenger (2.2.2) lib/phusion_passenger/abstract_server.rb:187:in `start_synchronously'
  passenger (2.2.2) lib/phusion_passenger/abstract_server.rb:154:in `start'
  passenger (2.2.2) lib/phusion_passenger/railz/application_spawner.rb:192:in `start'
  passenger (2.2.2) lib/phusion_passenger/spawn_manager.rb:257:in `spawn_rails_application'
  passenger (2.2.2) lib/phusion_passenger/abstract_server_collection.rb:126:in `lookup_or_add'
  passenger (2.2.2) lib/phusion_passenger/spawn_manager.rb:251:in `spawn_rails_application'
  passenger (2.2.2) lib/phusion_passenger/abstract_server_collection.rb:80:in `synchronize'
  passenger (2.2.2) lib/phusion_passenger/abstract_server_collection.rb:79:in `synchronize'
  passenger (2.2.2) lib/phusion_passenger/spawn_manager.rb:250:in `spawn_rails_application'
  passenger (2.2.2) lib/phusion_passenger/spawn_manager.rb:153:in `spawn_application'
  passenger (2.2.2) lib/phusion_passenger/spawn_manager.rb:282:in `handle_spawn_application'
  passenger (2.2.2) lib/phusion_passenger/abstract_server.rb:337:in `__send__'
  passenger (2.2.2) lib/phusion_passenger/abstract_server.rb:337:in `main_loop'
  passenger (2.2.2) lib/phusion_passenger/abstract_server.rb:187:in `start_synchronously'

Rendering /Users/david/dev/workspace/gostaberling/public/404.html (404 Not Found)


Processing HomeController#index (for ::1 at 2009-05-13 22:39:31) [GET]

ActionController::UnknownAction (No action responded to index. Actions: ):
  passenger (2.2.2) lib/phusion_passenger/rack/request_handler.rb:81:in `process_request'
  passenger (2.2.2) lib/phusion_passenger/abstract_request_handler.rb:203:in `main_loop'
  passenger (2.2.2) lib/phusion_passenger/railz/application_spawner.rb:340:in `start_request_handler'
  passenger (2.2.2) lib/phusion_passenger/railz/application_spawner.rb:298:in `handle_spawn_application'
  passenger (2.2.2) lib/phusion_passenger/utils.rb:181:in `safe_fork'
  passenger (2.2.2) lib/phusion_passenger/railz/application_spawner.rb:296:in `handle_spawn_application'
  passenger (2.2.2) lib/phusion_passenger/abstract_server.rb:337:in `__send__'
  passenger (2.2.2) lib/phusion_passenger/abstract_server.rb:337:in `main_loop'
  passenger (2.2.2) lib/phusion_passenger/abstract_server.rb:187:in `start_synchronously'
  passenger (2.2.2) lib/phusion_passenger/abstract_server.rb:154:in `start'
  passenger (2.2.2) lib/phusion_passenger/railz/application_spawner.rb:192:in `start'
  passenger (2.2.2) lib/phusion_passenger/spawn_manager.rb:257:in `spawn_rails_application'
  passenger (2.2.2) lib/phusion_passenger/abstract_server_collection.rb:126:in `lookup_or_add'
  passenger (2.2.2) lib/phusion_passenger/spawn_manager.rb:251:in `spawn_rails_application'
  passenger (2.2.2) lib/phusion_passenger/abstract_server_collection.rb:80:in `synchronize'
  passenger (2.2.2) lib/phusion_passenger/abstract_server_collection.rb:79:in `synchronize'
  passenger (2.2.2) lib/phusion_passenger/spawn_manager.rb:250:in `spawn_rails_application'
  passenger (2.2.2) lib/phusion_passenger/spawn_manager.rb:153:in `spawn_application'
  passenger (2.2.2) lib/phusion_passenger/spawn_manager.rb:282:in `handle_spawn_application'
  passenger (2.2.2) lib/phusion_passenger/abstract_server.rb:337:in `__send__'
  passenger (2.2.2) lib/phusion_passenger/abstract_server.rb:337:in `main_loop'
  passenger (2.2.2) lib/phusion_passenger/abstract_server.rb:187:in `start_synchronously'

Rendering /Users/david/dev/workspace/gostaberling/public/404.html (404 Not Found)


Processing HomeController#index (for ::1 at 2009-05-13 22:40:50) [GET]

ActionView::MissingTemplate (Missing template home/index.erb in view path app/views):
  passenger (2.2.2) lib/phusion_passenger/rack/request_handler.rb:81:in `process_request'
  passenger (2.2.2) lib/phusion_passenger/abstract_request_handler.rb:203:in `main_loop'
  passenger (2.2.2) lib/phusion_passenger/railz/application_spawner.rb:340:in `start_request_handler'
  passenger (2.2.2) lib/phusion_passenger/railz/application_spawner.rb:298:in `handle_spawn_application'
  passenger (2.2.2) lib/phusion_passenger/utils.rb:181:in `safe_fork'
  passenger (2.2.2) lib/phusion_passenger/railz/application_spawner.rb:296:in `handle_spawn_application'
  passenger (2.2.2) lib/phusion_passenger/abstract_server.rb:337:in `__send__'
  passenger (2.2.2) lib/phusion_passenger/abstract_server.rb:337:in `main_loop'
  passenger (2.2.2) lib/phusion_passenger/abstract_server.rb:187:in `start_synchronously'
  passenger (2.2.2) lib/phusion_passenger/abstract_server.rb:154:in `start'
  passenger (2.2.2) lib/phusion_passenger/railz/application_spawner.rb:192:in `start'
  passenger (2.2.2) lib/phusion_passenger/spawn_manager.rb:257:in `spawn_rails_application'
  passenger (2.2.2) lib/phusion_passenger/abstract_server_collection.rb:126:in `lookup_or_add'
  passenger (2.2.2) lib/phusion_passenger/spawn_manager.rb:251:in `spawn_rails_application'
  passenger (2.2.2) lib/phusion_passenger/abstract_server_collection.rb:80:in `synchronize'
  passenger (2.2.2) lib/phusion_passenger/abstract_server_collection.rb:79:in `synchronize'
  passenger (2.2.2) lib/phusion_passenger/spawn_manager.rb:250:in `spawn_rails_application'
  passenger (2.2.2) lib/phusion_passenger/spawn_manager.rb:153:in `spawn_application'
  passenger (2.2.2) lib/phusion_passenger/spawn_manager.rb:282:in `handle_spawn_application'
  passenger (2.2.2) lib/phusion_passenger/abstract_server.rb:337:in `__send__'
  passenger (2.2.2) lib/phusion_passenger/abstract_server.rb:337:in `main_loop'
  passenger (2.2.2) lib/phusion_passenger/abstract_server.rb:187:in `start_synchronously'

Rendering /Users/david/dev/workspace/gostaberling/public/500.html (500 Internal Server Error)


Processing HomeController#index (for ::1 at 2009-05-13 22:42:49) [GET]

ActionView::MissingTemplate (Missing template home/index.erb in view path app/views):
  passenger (2.2.2) lib/phusion_passenger/rack/request_handler.rb:81:in `process_request'
  passenger (2.2.2) lib/phusion_passenger/abstract_request_handler.rb:203:in `main_loop'
  passenger (2.2.2) lib/phusion_passenger/railz/application_spawner.rb:340:in `start_request_handler'
  passenger (2.2.2) lib/phusion_passenger/railz/application_spawner.rb:298:in `handle_spawn_application'
  passenger (2.2.2) lib/phusion_passenger/utils.rb:181:in `safe_fork'
  passenger (2.2.2) lib/phusion_passenger/railz/application_spawner.rb:296:in `handle_spawn_application'
  passenger (2.2.2) lib/phusion_passenger/abstract_server.rb:337:in `__send__'
  passenger (2.2.2) lib/phusion_passenger/abstract_server.rb:337:in `main_loop'
  passenger (2.2.2) lib/phusion_passenger/abstract_server.rb:187:in `start_synchronously'
  passenger (2.2.2) lib/phusion_passenger/abstract_server.rb:154:in `start'
  passenger (2.2.2) lib/phusion_passenger/railz/application_spawner.rb:192:in `start'
  passenger (2.2.2) lib/phusion_passenger/spawn_manager.rb:257:in `spawn_rails_application'
  passenger (2.2.2) lib/phusion_passenger/abstract_server_collection.rb:126:in `lookup_or_add'
  passenger (2.2.2) lib/phusion_passenger/spawn_manager.rb:251:in `spawn_rails_application'
  passenger (2.2.2) lib/phusion_passenger/abstract_server_collection.rb:80:in `synchronize'
  passenger (2.2.2) lib/phusion_passenger/abstract_server_collection.rb:79:in `synchronize'
  passenger (2.2.2) lib/phusion_passenger/spawn_manager.rb:250:in `spawn_rails_application'
  passenger (2.2.2) lib/phusion_passenger/spawn_manager.rb:153:in `spawn_application'
  passenger (2.2.2) lib/phusion_passenger/spawn_manager.rb:282:in `handle_spawn_application'
  passenger (2.2.2) lib/phusion_passenger/abstract_server.rb:337:in `__send__'
  passenger (2.2.2) lib/phusion_passenger/abstract_server.rb:337:in `main_loop'
  passenger (2.2.2) lib/phusion_passenger/abstract_server.rb:187:in `start_synchronously'

Rendering /Users/david/dev/workspace/gostaberling/public/500.html (500 Internal Server Error)


Processing HomeController#index (for ::1 at 2009-05-13 22:42:53) [GET]

ActionView::MissingTemplate (Missing template home/index.erb in view path app/views):
  passenger (2.2.2) lib/phusion_passenger/rack/request_handler.rb:81:in `process_request'
  passenger (2.2.2) lib/phusion_passenger/abstract_request_handler.rb:203:in `main_loop'
  passenger (2.2.2) lib/phusion_passenger/railz/application_spawner.rb:340:in `start_request_handler'
  passenger (2.2.2) lib/phusion_passenger/railz/application_spawner.rb:298:in `handle_spawn_application'
  passenger (2.2.2) lib/phusion_passenger/utils.rb:181:in `safe_fork'
  passenger (2.2.2) lib/phusion_passenger/railz/application_spawner.rb:296:in `handle_spawn_application'
  passenger (2.2.2) lib/phusion_passenger/abstract_server.rb:337:in `__send__'
  passenger (2.2.2) lib/phusion_passenger/abstract_server.rb:337:in `main_loop'
  passenger (2.2.2) lib/phusion_passenger/abstract_server.rb:187:in `start_synchronously'
  passenger (2.2.2) lib/phusion_passenger/abstract_server.rb:154:in `start'
  passenger (2.2.2) lib/phusion_passenger/railz/application_spawner.rb:192:in `start'
  passenger (2.2.2) lib/phusion_passenger/spawn_manager.rb:257:in `spawn_rails_application'
  passenger (2.2.2) lib/phusion_passenger/abstract_server_collection.rb:126:in `lookup_or_add'
  passenger (2.2.2) lib/phusion_passenger/spawn_manager.rb:251:in `spawn_rails_application'
  passenger (2.2.2) lib/phusion_passenger/abstract_server_collection.rb:80:in `synchronize'
  passenger (2.2.2) lib/phusion_passenger/abstract_server_collection.rb:79:in `synchronize'
  passenger (2.2.2) lib/phusion_passenger/spawn_manager.rb:250:in `spawn_rails_application'
  passenger (2.2.2) lib/phusion_passenger/spawn_manager.rb:153:in `spawn_application'
  passenger (2.2.2) lib/phusion_passenger/spawn_manager.rb:282:in `handle_spawn_application'
  passenger (2.2.2) lib/phusion_passenger/abstract_server.rb:337:in `__send__'
  passenger (2.2.2) lib/phusion_passenger/abstract_server.rb:337:in `main_loop'
  passenger (2.2.2) lib/phusion_passenger/abstract_server.rb:187:in `start_synchronously'

Rendering /Users/david/dev/workspace/gostaberling/public/500.html (500 Internal Server Error)


Processing HomeController#index (for ::1 at 2009-05-13 22:42:55) [GET]

ActionView::MissingTemplate (Missing template home/index.erb in view path app/views):
  passenger (2.2.2) lib/phusion_passenger/rack/request_handler.rb:81:in `process_request'
  passenger (2.2.2) lib/phusion_passenger/abstract_request_handler.rb:203:in `main_loop'
  passenger (2.2.2) lib/phusion_passenger/railz/application_spawner.rb:340:in `start_request_handler'
  passenger (2.2.2) lib/phusion_passenger/railz/application_spawner.rb:298:in `handle_spawn_application'
  passenger (2.2.2) lib/phusion_passenger/utils.rb:181:in `safe_fork'
  passenger (2.2.2) lib/phusion_passenger/railz/application_spawner.rb:296:in `handle_spawn_application'
  passenger (2.2.2) lib/phusion_passenger/abstract_server.rb:337:in `__send__'
  passenger (2.2.2) lib/phusion_passenger/abstract_server.rb:337:in `main_loop'
  passenger (2.2.2) lib/phusion_passenger/abstract_server.rb:187:in `start_synchronously'
  passenger (2.2.2) lib/phusion_passenger/abstract_server.rb:154:in `start'
  passenger (2.2.2) lib/phusion_passenger/railz/application_spawner.rb:192:in `start'
  passenger (2.2.2) lib/phusion_passenger/spawn_manager.rb:257:in `spawn_rails_application'
  passenger (2.2.2) lib/phusion_passenger/abstract_server_collection.rb:126:in `lookup_or_add'
  passenger (2.2.2) lib/phusion_passenger/spawn_manager.rb:251:in `spawn_rails_application'
  passenger (2.2.2) lib/phusion_passenger/abstract_server_collection.rb:80:in `synchronize'
  passenger (2.2.2) lib/phusion_passenger/abstract_server_collection.rb:79:in `synchronize'
  passenger (2.2.2) lib/phusion_passenger/spawn_manager.rb:250:in `spawn_rails_application'
  passenger (2.2.2) lib/phusion_passenger/spawn_manager.rb:153:in `spawn_application'
  passenger (2.2.2) lib/phusion_passenger/spawn_manager.rb:282:in `handle_spawn_application'
  passenger (2.2.2) lib/phusion_passenger/abstract_server.rb:337:in `__send__'
  passenger (2.2.2) lib/phusion_passenger/abstract_server.rb:337:in `main_loop'
  passenger (2.2.2) lib/phusion_passenger/abstract_server.rb:187:in `start_synchronously'

Rendering /Users/david/dev/workspace/gostaberling/public/500.html (500 Internal Server Error)


Processing HomeController#index (for ::1 at 2009-05-13 22:42:55) [GET]

ActionView::MissingTemplate (Missing template home/index.erb in view path app/views):
  passenger (2.2.2) lib/phusion_passenger/rack/request_handler.rb:81:in `process_request'
  passenger (2.2.2) lib/phusion_passenger/abstract_request_handler.rb:203:in `main_loop'
  passenger (2.2.2) lib/phusion_passenger/railz/application_spawner.rb:340:in `start_request_handler'
  passenger (2.2.2) lib/phusion_passenger/railz/application_spawner.rb:298:in `handle_spawn_application'
  passenger (2.2.2) lib/phusion_passenger/utils.rb:181:in `safe_fork'
  passenger (2.2.2) lib/phusion_passenger/railz/application_spawner.rb:296:in `handle_spawn_application'
  passenger (2.2.2) lib/phusion_passenger/abstract_server.rb:337:in `__send__'
  passenger (2.2.2) lib/phusion_passenger/abstract_server.rb:337:in `main_loop'
  passenger (2.2.2) lib/phusion_passenger/abstract_server.rb:187:in `start_synchronously'
  passenger (2.2.2) lib/phusion_passenger/abstract_server.rb:154:in `start'
  passenger (2.2.2) lib/phusion_passenger/railz/application_spawner.rb:192:in `start'
  passenger (2.2.2) lib/phusion_passenger/spawn_manager.rb:257:in `spawn_rails_application'
  passenger (2.2.2) lib/phusion_passenger/abstract_server_collection.rb:126:in `lookup_or_add'
  passenger (2.2.2) lib/phusion_passenger/spawn_manager.rb:251:in `spawn_rails_application'
  passenger (2.2.2) lib/phusion_passenger/abstract_server_collection.rb:80:in `synchronize'
  passenger (2.2.2) lib/phusion_passenger/abstract_server_collection.rb:79:in `synchronize'
  passenger (2.2.2) lib/phusion_passenger/spawn_manager.rb:250:in `spawn_rails_application'
  passenger (2.2.2) lib/phusion_passenger/spawn_manager.rb:153:in `spawn_application'
  passenger (2.2.2) lib/phusion_passenger/spawn_manager.rb:282:in `handle_spawn_application'
  passenger (2.2.2) lib/phusion_passenger/abstract_server.rb:337:in `__send__'
  passenger (2.2.2) lib/phusion_passenger/abstract_server.rb:337:in `main_loop'
  passenger (2.2.2) lib/phusion_passenger/abstract_server.rb:187:in `start_synchronously'

Rendering /Users/david/dev/workspace/gostaberling/public/500.html (500 Internal Server Error)


Processing HomeController#index (for ::1 at 2009-05-13 22:42:55) [GET]

ActionView::MissingTemplate (Missing template home/index.erb in view path app/views):
  passenger (2.2.2) lib/phusion_passenger/rack/request_handler.rb:81:in `process_request'
  passenger (2.2.2) lib/phusion_passenger/abstract_request_handler.rb:203:in `main_loop'
  passenger (2.2.2) lib/phusion_passenger/railz/application_spawner.rb:340:in `start_request_handler'
  passenger (2.2.2) lib/phusion_passenger/railz/application_spawner.rb:298:in `handle_spawn_application'
  passenger (2.2.2) lib/phusion_passenger/utils.rb:181:in `safe_fork'
  passenger (2.2.2) lib/phusion_passenger/railz/application_spawner.rb:296:in `handle_spawn_application'
  passenger (2.2.2) lib/phusion_passenger/abstract_server.rb:337:in `__send__'
  passenger (2.2.2) lib/phusion_passenger/abstract_server.rb:337:in `main_loop'
  passenger (2.2.2) lib/phusion_passenger/abstract_server.rb:187:in `start_synchronously'
  passenger (2.2.2) lib/phusion_passenger/abstract_server.rb:154:in `start'
  passenger (2.2.2) lib/phusion_passenger/railz/application_spawner.rb:192:in `start'
  passenger (2.2.2) lib/phusion_passenger/spawn_manager.rb:257:in `spawn_rails_application'
  passenger (2.2.2) lib/phusion_passenger/abstract_server_collection.rb:126:in `lookup_or_add'
  passenger (2.2.2) lib/phusion_passenger/spawn_manager.rb:251:in `spawn_rails_application'
  passenger (2.2.2) lib/phusion_passenger/abstract_server_collection.rb:80:in `synchronize'
  passenger (2.2.2) lib/phusion_passenger/abstract_server_collection.rb:79:in `synchronize'
  passenger (2.2.2) lib/phusion_passenger/spawn_manager.rb:250:in `spawn_rails_application'
  passenger (2.2.2) lib/phusion_passenger/spawn_manager.rb:153:in `spawn_application'
  passenger (2.2.2) lib/phusion_passenger/spawn_manager.rb:282:in `handle_spawn_application'
  passenger (2.2.2) lib/phusion_passenger/abstract_server.rb:337:in `__send__'
  passenger (2.2.2) lib/phusion_passenger/abstract_server.rb:337:in `main_loop'
  passenger (2.2.2) lib/phusion_passenger/abstract_server.rb:187:in `start_synchronously'

Rendering /Users/david/dev/workspace/gostaberling/public/500.html (500 Internal Server Error)


Processing HomeController#index (for ::1 at 2009-05-13 22:43:42) [GET]

ActionView::MissingTemplate (Missing template home/index.erb in view path app/views):
  passenger (2.2.2) lib/phusion_passenger/rack/request_handler.rb:81:in `process_request'
  passenger (2.2.2) lib/phusion_passenger/abstract_request_handler.rb:203:in `main_loop'
  passenger (2.2.2) lib/phusion_passenger/railz/application_spawner.rb:340:in `start_request_handler'
  passenger (2.2.2) lib/phusion_passenger/railz/application_spawner.rb:298:in `handle_spawn_application'
  passenger (2.2.2) lib/phusion_passenger/utils.rb:181:in `safe_fork'
  passenger (2.2.2) lib/phusion_passenger/railz/application_spawner.rb:296:in `handle_spawn_application'
  passenger (2.2.2) lib/phusion_passenger/abstract_server.rb:337:in `__send__'
  passenger (2.2.2) lib/phusion_passenger/abstract_server.rb:337:in `main_loop'
  passenger (2.2.2) lib/phusion_passenger/abstract_server.rb:187:in `start_synchronously'
  passenger (2.2.2) lib/phusion_passenger/abstract_server.rb:154:in `start'
  passenger (2.2.2) lib/phusion_passenger/railz/application_spawner.rb:192:in `start'
  passenger (2.2.2) lib/phusion_passenger/spawn_manager.rb:257:in `spawn_rails_application'
  passenger (2.2.2) lib/phusion_passenger/abstract_server_collection.rb:126:in `lookup_or_add'
  passenger (2.2.2) lib/phusion_passenger/spawn_manager.rb:251:in `spawn_rails_application'
  passenger (2.2.2) lib/phusion_passenger/abstract_server_collection.rb:80:in `synchronize'
  passenger (2.2.2) lib/phusion_passenger/abstract_server_collection.rb:79:in `synchronize'
  passenger (2.2.2) lib/phusion_passenger/spawn_manager.rb:250:in `spawn_rails_application'
  passenger (2.2.2) lib/phusion_passenger/spawn_manager.rb:153:in `spawn_application'
  passenger (2.2.2) lib/phusion_passenger/spawn_manager.rb:282:in `handle_spawn_application'
  passenger (2.2.2) lib/phusion_passenger/abstract_server.rb:337:in `__send__'
  passenger (2.2.2) lib/phusion_passenger/abstract_server.rb:337:in `main_loop'
  passenger (2.2.2) lib/phusion_passenger/abstract_server.rb:187:in `start_synchronously'

Rendering /Users/david/dev/workspace/gostaberling/public/500.html (500 Internal Server Error)


Processing HomeController#index (for ::1 at 2009-05-13 22:46:43) [GET]

ActionView::MissingTemplate (Missing template home/index.erb in view path app/views):
  passenger (2.2.2) lib/phusion_passenger/rack/request_handler.rb:81:in `process_request'
  passenger (2.2.2) lib/phusion_passenger/abstract_request_handler.rb:203:in `main_loop'
  passenger (2.2.2) lib/phusion_passenger/railz/application_spawner.rb:340:in `start_request_handler'
  passenger (2.2.2) lib/phusion_passenger/railz/application_spawner.rb:298:in `handle_spawn_application'
  passenger (2.2.2) lib/phusion_passenger/utils.rb:181:in `safe_fork'
  passenger (2.2.2) lib/phusion_passenger/railz/application_spawner.rb:296:in `handle_spawn_application'
  passenger (2.2.2) lib/phusion_passenger/abstract_server.rb:337:in `__send__'
  passenger (2.2.2) lib/phusion_passenger/abstract_server.rb:337:in `main_loop'
  passenger (2.2.2) lib/phusion_passenger/abstract_server.rb:187:in `start_synchronously'
  passenger (2.2.2) lib/phusion_passenger/abstract_server.rb:154:in `start'
  passenger (2.2.2) lib/phusion_passenger/railz/application_spawner.rb:192:in `start'
  passenger (2.2.2) lib/phusion_passenger/spawn_manager.rb:257:in `spawn_rails_application'
  passenger (2.2.2) lib/phusion_passenger/abstract_server_collection.rb:126:in `lookup_or_add'
  passenger (2.2.2) lib/phusion_passenger/spawn_manager.rb:251:in `spawn_rails_application'
  passenger (2.2.2) lib/phusion_passenger/abstract_server_collection.rb:80:in `synchronize'
  passenger (2.2.2) lib/phusion_passenger/abstract_server_collection.rb:79:in `synchronize'
  passenger (2.2.2) lib/phusion_passenger/spawn_manager.rb:250:in `spawn_rails_application'
  passenger (2.2.2) lib/phusion_passenger/spawn_manager.rb:153:in `spawn_application'
  passenger (2.2.2) lib/phusion_passenger/spawn_manager.rb:282:in `handle_spawn_application'
  passenger (2.2.2) lib/phusion_passenger/abstract_server.rb:337:in `__send__'
  passenger (2.2.2) lib/phusion_passenger/abstract_server.rb:337:in `main_loop'
  passenger (2.2.2) lib/phusion_passenger/abstract_server.rb:187:in `start_synchronously'

Rendering /Users/david/dev/workspace/gostaberling/public/500.html (500 Internal Server Error)


Processing HomeController#index (for ::1 at 2009-05-13 22:47:03) [GET]

ActionView::MissingTemplate (Missing template home/index.erb in view path app/views):
  passenger (2.2.2) lib/phusion_passenger/rack/request_handler.rb:81:in `process_request'
  passenger (2.2.2) lib/phusion_passenger/abstract_request_handler.rb:203:in `main_loop'
  passenger (2.2.2) lib/phusion_passenger/railz/application_spawner.rb:340:in `start_request_handler'
  passenger (2.2.2) lib/phusion_passenger/railz/application_spawner.rb:298:in `handle_spawn_application'
  passenger (2.2.2) lib/phusion_passenger/utils.rb:181:in `safe_fork'
  passenger (2.2.2) lib/phusion_passenger/railz/application_spawner.rb:296:in `handle_spawn_application'
  passenger (2.2.2) lib/phusion_passenger/abstract_server.rb:337:in `__send__'
  passenger (2.2.2) lib/phusion_passenger/abstract_server.rb:337:in `main_loop'
  passenger (2.2.2) lib/phusion_passenger/abstract_server.rb:187:in `start_synchronously'
  passenger (2.2.2) lib/phusion_passenger/abstract_server.rb:154:in `start'
  passenger (2.2.2) lib/phusion_passenger/railz/application_spawner.rb:192:in `start'
  passenger (2.2.2) lib/phusion_passenger/spawn_manager.rb:257:in `spawn_rails_application'
  passenger (2.2.2) lib/phusion_passenger/abstract_server_collection.rb:126:in `lookup_or_add'
  passenger (2.2.2) lib/phusion_passenger/spawn_manager.rb:251:in `spawn_rails_application'
  passenger (2.2.2) lib/phusion_passenger/abstract_server_collection.rb:80:in `synchronize'
  passenger (2.2.2) lib/phusion_passenger/abstract_server_collection.rb:79:in `synchronize'
  passenger (2.2.2) lib/phusion_passenger/spawn_manager.rb:250:in `spawn_rails_application'
  passenger (2.2.2) lib/phusion_passenger/spawn_manager.rb:153:in `spawn_application'
  passenger (2.2.2) lib/phusion_passenger/spawn_manager.rb:282:in `handle_spawn_application'
  passenger (2.2.2) lib/phusion_passenger/abstract_server.rb:337:in `__send__'
  passenger (2.2.2) lib/phusion_passenger/abstract_server.rb:337:in `main_loop'
  passenger (2.2.2) lib/phusion_passenger/abstract_server.rb:187:in `start_synchronously'

Rendering /Users/david/dev/workspace/gostaberling/public/500.html (500 Internal Server Error)


Processing HomeController#index (for ::1 at 2009-05-13 22:47:08) [GET]

ActionView::MissingTemplate (Missing template home/index.erb in view path app/views):
  passenger (2.2.2) lib/phusion_passenger/rack/request_handler.rb:81:in `process_request'
  passenger (2.2.2) lib/phusion_passenger/abstract_request_handler.rb:203:in `main_loop'
  passenger (2.2.2) lib/phusion_passenger/railz/application_spawner.rb:340:in `start_request_handler'
  passenger (2.2.2) lib/phusion_passenger/railz/application_spawner.rb:298:in `handle_spawn_application'
  passenger (2.2.2) lib/phusion_passenger/utils.rb:181:in `safe_fork'
  passenger (2.2.2) lib/phusion_passenger/railz/application_spawner.rb:296:in `handle_spawn_application'
  passenger (2.2.2) lib/phusion_passenger/abstract_server.rb:337:in `__send__'
  passenger (2.2.2) lib/phusion_passenger/abstract_server.rb:337:in `main_loop'
  passenger (2.2.2) lib/phusion_passenger/abstract_server.rb:187:in `start_synchronously'
  passenger (2.2.2) lib/phusion_passenger/abstract_server.rb:154:in `start'
  passenger (2.2.2) lib/phusion_passenger/railz/application_spawner.rb:192:in `start'
  passenger (2.2.2) lib/phusion_passenger/spawn_manager.rb:257:in `spawn_rails_application'
  passenger (2.2.2) lib/phusion_passenger/abstract_server_collection.rb:126:in `lookup_or_add'
  passenger (2.2.2) lib/phusion_passenger/spawn_manager.rb:251:in `spawn_rails_application'
  passenger (2.2.2) lib/phusion_passenger/abstract_server_collection.rb:80:in `synchronize'
  passenger (2.2.2) lib/phusion_passenger/abstract_server_collection.rb:79:in `synchronize'
  passenger (2.2.2) lib/phusion_passenger/spawn_manager.rb:250:in `spawn_rails_application'
  passenger (2.2.2) lib/phusion_passenger/spawn_manager.rb:153:in `spawn_application'
  passenger (2.2.2) lib/phusion_passenger/spawn_manager.rb:282:in `handle_spawn_application'
  passenger (2.2.2) lib/phusion_passenger/abstract_server.rb:337:in `__send__'
  passenger (2.2.2) lib/phusion_passenger/abstract_server.rb:337:in `main_loop'
  passenger (2.2.2) lib/phusion_passenger/abstract_server.rb:187:in `start_synchronously'

Rendering /Users/david/dev/workspace/gostaberling/public/500.html (500 Internal Server Error)


Processing HomeController#index (for ::1 at 2009-05-13 22:51:13) [GET]

ActionView::MissingTemplate (Missing template home/index.erb in view path app/views):
  passenger (2.2.2) lib/phusion_passenger/rack/request_handler.rb:81:in `process_request'
  passenger (2.2.2) lib/phusion_passenger/abstract_request_handler.rb:203:in `main_loop'
  passenger (2.2.2) lib/phusion_passenger/railz/application_spawner.rb:340:in `start_request_handler'
  passenger (2.2.2) lib/phusion_passenger/railz/application_spawner.rb:298:in `handle_spawn_application'
  passenger (2.2.2) lib/phusion_passenger/utils.rb:181:in `safe_fork'
  passenger (2.2.2) lib/phusion_passenger/railz/application_spawner.rb:296:in `handle_spawn_application'
  passenger (2.2.2) lib/phusion_passenger/abstract_server.rb:337:in `__send__'
  passenger (2.2.2) lib/phusion_passenger/abstract_server.rb:337:in `main_loop'
  passenger (2.2.2) lib/phusion_passenger/abstract_server.rb:187:in `start_synchronously'
  passenger (2.2.2) lib/phusion_passenger/abstract_server.rb:154:in `start'
  passenger (2.2.2) lib/phusion_passenger/railz/application_spawner.rb:192:in `start'
  passenger (2.2.2) lib/phusion_passenger/spawn_manager.rb:257:in `spawn_rails_application'
  passenger (2.2.2) lib/phusion_passenger/abstract_server_collection.rb:126:in `lookup_or_add'
  passenger (2.2.2) lib/phusion_passenger/spawn_manager.rb:251:in `spawn_rails_application'
  passenger (2.2.2) lib/phusion_passenger/abstract_server_collection.rb:80:in `synchronize'
  passenger (2.2.2) lib/phusion_passenger/abstract_server_collection.rb:79:in `synchronize'
  passenger (2.2.2) lib/phusion_passenger/spawn_manager.rb:250:in `spawn_rails_application'
  passenger (2.2.2) lib/phusion_passenger/spawn_manager.rb:153:in `spawn_application'
  passenger (2.2.2) lib/phusion_passenger/spawn_manager.rb:282:in `handle_spawn_application'
  passenger (2.2.2) lib/phusion_passenger/abstract_server.rb:337:in `__send__'
  passenger (2.2.2) lib/phusion_passenger/abstract_server.rb:337:in `main_loop'
  passenger (2.2.2) lib/phusion_passenger/abstract_server.rb:187:in `start_synchronously'

Rendering /Users/david/dev/workspace/gostaberling/public/500.html (500 Internal Server Error)


Processing HomeController#index (for ::1 at 2009-05-13 22:51:17) [GET]

ActionView::MissingTemplate (Missing template home/index.erb in view path app/views):
  passenger (2.2.2) lib/phusion_passenger/rack/request_handler.rb:81:in `process_request'
  passenger (2.2.2) lib/phusion_passenger/abstract_request_handler.rb:203:in `main_loop'
  passenger (2.2.2) lib/phusion_passenger/railz/application_spawner.rb:340:in `start_request_handler'
  passenger (2.2.2) lib/phusion_passenger/railz/application_spawner.rb:298:in `handle_spawn_application'
  passenger (2.2.2) lib/phusion_passenger/utils.rb:181:in `safe_fork'
  passenger (2.2.2) lib/phusion_passenger/railz/application_spawner.rb:296:in `handle_spawn_application'
  passenger (2.2.2) lib/phusion_passenger/abstract_server.rb:337:in `__send__'
  passenger (2.2.2) lib/phusion_passenger/abstract_server.rb:337:in `main_loop'
  passenger (2.2.2) lib/phusion_passenger/abstract_server.rb:187:in `start_synchronously'
  passenger (2.2.2) lib/phusion_passenger/abstract_server.rb:154:in `start'
  passenger (2.2.2) lib/phusion_passenger/railz/application_spawner.rb:192:in `start'
  passenger (2.2.2) lib/phusion_passenger/spawn_manager.rb:257:in `spawn_rails_application'
  passenger (2.2.2) lib/phusion_passenger/abstract_server_collection.rb:126:in `lookup_or_add'
  passenger (2.2.2) lib/phusion_passenger/spawn_manager.rb:251:in `spawn_rails_application'
  passenger (2.2.2) lib/phusion_passenger/abstract_server_collection.rb:80:in `synchronize'
  passenger (2.2.2) lib/phusion_passenger/abstract_server_collection.rb:79:in `synchronize'
  passenger (2.2.2) lib/phusion_passenger/spawn_manager.rb:250:in `spawn_rails_application'
  passenger (2.2.2) lib/phusion_passenger/spawn_manager.rb:153:in `spawn_application'
  passenger (2.2.2) lib/phusion_passenger/spawn_manager.rb:282:in `handle_spawn_application'
  passenger (2.2.2) lib/phusion_passenger/abstract_server.rb:337:in `__send__'
  passenger (2.2.2) lib/phusion_passenger/abstract_server.rb:337:in `main_loop'
  passenger (2.2.2) lib/phusion_passenger/abstract_server.rb:187:in `start_synchronously'

Rendering /Users/david/dev/workspace/gostaberling/public/500.html (500 Internal Server Error)
